<?xml version="1.0" encoding="UTF-8"?>
<testng-results ignored="0" total="3" passed="3" failed="0" skipped="0">
  <reporter-output>
  </reporter-output>
  <suite started-at="2020-07-10T10:18:17 CDT" name="Default suite" finished-at="2020-07-10T10:18:28 CDT" duration-ms="10630">
    <groups>
    </groups>
    <test started-at="2020-07-10T10:18:17 CDT" name="Default test" finished-at="2020-07-10T10:18:28 CDT" duration-ms="10630">
      <class name="files.DynamicJson">
        <test-method signature="addBook(java.lang.String, java.lang.String)[pri:0, instance:files.DynamicJson@75329a49]" started-at="2020-07-10T10:18:17 CDT" name="addBook" data-provider="BooksData" finished-at="2020-07-10T10:18:26 CDT" duration-ms="8716" status="PASS">
          <params>
            <param index="0">
              <value>
                <![CDATA[ojjdie]]>
              </value>
            </param>
            <param index="1">
              <value>
                <![CDATA[21o0]]>
              </value>
            </param>
          </params>
          <reporter-output>
          </reporter-output>
        </test-method> <!-- addBook -->
        <test-method signature="addBook(java.lang.String, java.lang.String)[pri:0, instance:files.DynamicJson@75329a49]" started-at="2020-07-10T10:18:26 CDT" name="addBook" data-provider="BooksData" finished-at="2020-07-10T10:18:27 CDT" duration-ms="900" status="PASS">
          <params>
            <param index="0">
              <value>
                <![CDATA[sdeoef]]>
              </value>
            </param>
            <param index="1">
              <value>
                <![CDATA[2788]]>
              </value>
            </param>
          </params>
          <reporter-output>
          </reporter-output>
        </test-method> <!-- addBook -->
        <test-method signature="addBook(java.lang.String, java.lang.String)[pri:0, instance:files.DynamicJson@75329a49]" started-at="2020-07-10T10:18:27 CDT" name="addBook" data-provider="BooksData" finished-at="2020-07-10T10:18:28 CDT" duration-ms="883" status="PASS">
          <params>
            <param index="0">
              <value>
                <![CDATA[oepqws]]>
              </value>
            </param>
            <param index="1">
              <value>
                <![CDATA[0901]]>
              </value>
            </param>
          </params>
          <reporter-output>
          </reporter-output>
        </test-method> <!-- addBook -->
      </class> <!-- files.DynamicJson -->
    </test> <!-- Default test -->
  </suite> <!-- Default suite -->
</testng-results>
