<?xml version="1.0" encoding="UTF-8"?>
<testng-results ignored="0" total="1" passed="1" failed="0" skipped="0">
  <reporter-output>
  </reporter-output>
  <suite started-at="2020-07-10T10:47:24 CDT" name="Default suite" finished-at="2020-07-10T10:47:34 CDT" duration-ms="9934">
    <groups>
    </groups>
    <test started-at="2020-07-10T10:47:24 CDT" name="Default test" finished-at="2020-07-10T10:47:34 CDT" duration-ms="9934">
      <class name="files.StaticJson">
        <test-method signature="addBook()[pri:0, instance:files.StaticJson@71b1176b]" started-at="2020-07-10T10:47:24 CDT" name="addBook" finished-at="2020-07-10T10:47:34 CDT" duration-ms="9810" status="PASS">
          <reporter-output>
          </reporter-output>
        </test-method> <!-- addBook -->
      </class> <!-- files.StaticJson -->
    </test> <!-- Default test -->
  </suite> <!-- Default suite -->
</testng-results>
